0 info it worked if it ends with ok
1 verbose cli [ 'C:\\Program Files\\nodejs\\node.exe',
1 verbose cli   'C:\\Users\\ASUS\\AppData\\Roaming\\npm\\node_modules\\npm\\bin\\npm-cli.js',
1 verbose cli   'start' ]
2 info using npm@4.1.1
3 info using node@v4.4.7
4 verbose run-script [ 'prestart', 'start', 'poststart' ]
5 info lifecycle duty@0.0.0~prestart: duty@0.0.0
6 silly lifecycle duty@0.0.0~prestart: no script for prestart, continuing
7 info lifecycle duty@0.0.0~start: duty@0.0.0
8 verbose lifecycle duty@0.0.0~start: unsafe-perm in lifecycle true
9 verbose lifecycle duty@0.0.0~start: PATH: C:\Users\ASUS\AppData\Roaming\npm\node_modules\npm\bin\node-gyp-bin;F:\paiban\duty\node_modules\.bin;C:\oracle\instantclient;D:\database\oracle\11.1.0\db_1\bin;C:\ProgramData\Oracle\Java\javapath;C:\Program Files (x86)\Intel\iCLS Client\;C:\Program Files\Intel\iCLS Client\;C:\Windows\system32;C:\Windows;C:\Windows\System32\Wbem;C:\Windows\System32\WindowsPowerShell\v1.0\;C:\Program Files (x86)\Intel\Intel(R) Management Engine Components\DAL;C:\Program Files\Intel\Intel(R) Management Engine Components\DAL;C:\Program Files (x86)\Intel\Intel(R) Management Engine Components\IPT;C:\Program Files\Intel\Intel(R) Management Engine Components\IPT;C:\Program Files (x86)\NVIDIA Corporation\PhysX\Common;C:\Program Files\TortoiseSVN\bin;C:\Program Files (x86)\Java\jdk1.8.0_25\bin;D:\database\Mysql\mysql_5.6.24_winx64\mysql-5.6.24-winx64\bin;C:\WINDOWS\system32;C:\WINDOWS;C:\WINDOWS\System32\Wbem;C:\WINDOWS\System32\WindowsPowerShell\v1.0\;C:\Program Files (x86)\Java\jdk1.8.0_25\jre\bin;D:\IDE\adt-bundle-windows-x86-20140624\sdk\platform-tools;C:\Program Files\nodejs\;C:\Program Files\Microsoft SQL Server\120\Tools\Binn\;C:\Program Files\Microsoft SQL Server\130\Tools\Binn\;C:\Users\ASUS\Documents\Visual Studio 2015\Projects\test\x64\Debug;C:\Program Files\Git\cmd;D:\database\mongodb\install\bin;C:\Users\ASUS\AppData\Roaming\npm;C:\Python27;C:\Program Files\Microsoft SQL Server\110\Tools\Binn\;C:\Program Files (x86)\MSBuild\14.0\Bin;C:\Program Files (x86)\Windows Kits\10\Windows Performance Toolkit\;C:\Users\ASUS\AppData\Local\Microsoft\WindowsApps;D:\linux工具\docker\toobox\Docker Toolbox;D:\IDE\vscode\Microsoft VS Code\bin
10 verbose lifecycle duty@0.0.0~start: CWD: F:\paiban\duty
11 silly lifecycle duty@0.0.0~start: Args: [ '/d /s /c', 'node ./bin/www' ]
12 silly lifecycle duty@0.0.0~start: Returned: code: 1  signal: null
13 info lifecycle duty@0.0.0~start: Failed to exec start script
14 verbose stack Error: duty@0.0.0 start: `node ./bin/www`
14 verbose stack Exit status 1
14 verbose stack     at EventEmitter.<anonymous> (C:\Users\ASUS\AppData\Roaming\npm\node_modules\npm\lib\utils\lifecycle.js:279:16)
14 verbose stack     at emitTwo (events.js:87:13)
14 verbose stack     at EventEmitter.emit (events.js:172:7)
14 verbose stack     at ChildProcess.<anonymous> (C:\Users\ASUS\AppData\Roaming\npm\node_modules\npm\lib\utils\spawn.js:40:14)
14 verbose stack     at emitTwo (events.js:87:13)
14 verbose stack     at ChildProcess.emit (events.js:172:7)
14 verbose stack     at maybeClose (internal/child_process.js:827:16)
14 verbose stack     at Process.ChildProcess._handle.onexit (internal/child_process.js:211:5)
15 verbose pkgid duty@0.0.0
16 verbose cwd F:\paiban\duty
17 error Windows_NT 10.0.14393
18 error argv "C:\\Program Files\\nodejs\\node.exe" "C:\\Users\\ASUS\\AppData\\Roaming\\npm\\node_modules\\npm\\bin\\npm-cli.js" "start"
19 error node v4.4.7
20 error npm  v4.1.1
21 error code ELIFECYCLE
22 error duty@0.0.0 start: `node ./bin/www`
22 error Exit status 1
23 error Failed at the duty@0.0.0 start script 'node ./bin/www'.
23 error Make sure you have the latest version of node.js and npm installed.
23 error If you do, this is most likely a problem with the duty package,
23 error not with npm itself.
23 error Tell the author that this fails on your system:
23 error     node ./bin/www
23 error You can get information on how to open an issue for this project with:
23 error     npm bugs duty
23 error Or if that isn't available, you can get their info via:
23 error     npm owner ls duty
23 error There is likely additional logging output above.
24 verbose exit [ 1, true ]
