[2016-12-30 13:52:04.374] [ERROR] nomel - GET /dadui
[2016-12-30 17:33:24.776] [ERROR] nomel - GET /
[2016-12-30 17:41:33.530] [ERROR] nomel - GET /public/stylesheets/bootstrap.min.css
[2016-12-30 17:41:33.532] [ERROR] nomel - GET /public/stylesheets/style.css
[2016-12-30 17:41:33.534] [ERROR] nomel - GET /public/javascripts/lib/bootstrap.min.js
[2016-12-30 17:41:33.557] [ERROR] nomel - GET /public/images/ramsicon.png
[2016-12-30 17:41:34.295] [ERROR] nomel - GET /public/stylesheets/bootstrap.min.css
[2016-12-30 17:41:34.297] [ERROR] nomel - GET /public/stylesheets/style.css
[2016-12-30 17:41:34.301] [ERROR] nomel - GET /public/javascripts/lib/bootstrap.min.js
[2016-12-30 17:41:34.949] [ERROR] nomel - GET /public/stylesheets/bootstrap.min.css
[2016-12-30 17:41:34.949] [ERROR] nomel - GET /public/stylesheets/style.css
[2016-12-30 17:41:34.951] [ERROR] nomel - GET /public/javascripts/lib/bootstrap.min.js
[2016-12-30 17:41:37.312] [ERROR] nomel - GET /public/stylesheets/bootstrap.min.css
[2016-12-30 17:41:37.314] [ERROR] nomel - GET /public/stylesheets/style.css
[2016-12-30 17:44:42.978] [ERROR] nomel - GET /public/javascripts/lib/bootstrap.min.js
[2016-12-30 17:45:30.260] [ERROR] nomel - GET /public/stylesheets/bootstrap.min.css
[2016-12-30 17:45:30.264] [ERROR] nomel - GET /public/stylesheets/style.css
[2016-12-30 18:16:31.375] [ERROR] nomel - GET /css/style-responsive.css
[2016-12-30 18:16:31.391] [ERROR] nomel - GET /img/avatar-mini.jpg
[2016-12-30 18:16:31.391] [ERROR] nomel - GET /img/avatar-mini2.jpg
[2016-12-30 18:16:31.395] [ERROR] nomel - GET /img/avatar-mini3.jpg
[2016-12-30 18:16:31.395] [ERROR] nomel - GET /img/avatar-mini4.jpg
[2016-12-30 18:16:31.396] [ERROR] nomel - GET /img/avatar1_small.jpg
[2016-12-30 18:16:31.437] [ERROR] nomel - GET /javascripts/lib/jquery.nicescroll.js
[2016-12-30 18:16:31.443] [ERROR] nomel - GET /img/search-icon.jpg
[2016-12-30 18:16:31.562] [ERROR] nomel - GET /javascripts/lib/jquery.nicescroll.js
[2016-12-30 18:16:36.317] [ERROR] nomel - GET /calendar.html
[2016-12-30 18:18:28.313] [ERROR] nomel - GET /css/style-responsive.css
[2016-12-30 18:18:28.328] [ERROR] nomel - GET /img/avatar-mini.jpg
[2016-12-30 18:18:28.329] [ERROR] nomel - GET /img/avatar-mini2.jpg
[2016-12-30 18:18:28.329] [ERROR] nomel - GET /img/avatar-mini3.jpg
[2016-12-30 18:18:28.334] [ERROR] nomel - GET /img/avatar-mini4.jpg
[2016-12-30 18:18:28.334] [ERROR] nomel - GET /img/avatar1_small.jpg
[2016-12-30 18:18:28.359] [ERROR] nomel - GET /img/search-icon.jpg
[2016-12-30 18:19:09.405] [ERROR] nomel - GET /css/style-responsive.css
[2016-12-30 18:19:09.424] [ERROR] nomel - GET /img/avatar-mini.jpg
[2016-12-30 18:19:09.424] [ERROR] nomel - GET /img/avatar-mini2.jpg
[2016-12-30 18:19:09.425] [ERROR] nomel - GET /img/avatar-mini3.jpg
[2016-12-30 18:19:09.425] [ERROR] nomel - GET /img/avatar-mini4.jpg
[2016-12-30 18:19:09.426] [ERROR] nomel - GET /img/avatar1_small.jpg
[2016-12-30 18:19:09.467] [ERROR] nomel - GET /img/search-icon.jpg
[2016-12-30 18:20:16.745] [ERROR] nomel - GET /img/avatar-mini.jpg
[2016-12-30 18:20:16.746] [ERROR] nomel - GET /img/avatar-mini2.jpg
[2016-12-30 18:20:16.746] [ERROR] nomel - GET /img/avatar-mini3.jpg
[2016-12-30 18:20:16.750] [ERROR] nomel - GET /img/avatar-mini4.jpg
[2016-12-30 18:20:16.750] [ERROR] nomel - GET /img/avatar1_small.jpg
[2016-12-30 18:20:16.775] [ERROR] nomel - GET /img/search-icon.jpg
[2016-12-30 18:20:20.940] [ERROR] nomel - GET /img/avatar-mini.jpg
[2016-12-30 18:20:20.947] [ERROR] nomel - GET /img/avatar-mini2.jpg
[2016-12-30 18:20:20.947] [ERROR] nomel - GET /img/avatar-mini3.jpg
[2016-12-30 18:20:20.949] [ERROR] nomel - GET /img/avatar-mini4.jpg
[2016-12-30 18:20:20.951] [ERROR] nomel - GET /img/avatar1_small.jpg
[2016-12-30 18:20:21.030] [ERROR] nomel - GET /img/search-icon.jpg
[2016-12-30 18:20:21.804] [ERROR] nomel - GET /img/avatar-mini.jpg
[2016-12-30 18:20:21.811] [ERROR] nomel - GET /img/avatar-mini2.jpg
[2016-12-30 18:20:21.817] [ERROR] nomel - GET /img/avatar-mini3.jpg
[2016-12-30 18:20:21.818] [ERROR] nomel - GET /img/avatar-mini4.jpg
[2016-12-30 18:20:21.823] [ERROR] nomel - GET /img/avatar1_small.jpg
[2016-12-30 18:20:21.894] [ERROR] nomel - GET /img/search-icon.jpg
[2016-12-30 18:22:49.147] [ERROR] nomel - GET /img/avatar-mini.jpg
[2016-12-30 18:22:49.149] [ERROR] nomel - GET /img/avatar-mini2.jpg
[2016-12-30 18:22:49.153] [ERROR] nomel - GET /img/avatar-mini3.jpg
[2016-12-30 18:22:49.153] [ERROR] nomel - GET /img/avatar-mini4.jpg
[2016-12-30 18:22:49.153] [ERROR] nomel - GET /img/avatar1_small.jpg
[2016-12-30 18:22:49.643] [ERROR] nomel - GET /img/search-icon.jpg
[2016-12-30 18:22:51.866] [ERROR] nomel - GET /img/avatar-mini.jpg
[2016-12-30 18:22:51.871] [ERROR] nomel - GET /img/avatar-mini2.jpg
[2016-12-30 18:22:51.871] [ERROR] nomel - GET /img/avatar-mini3.jpg
[2016-12-30 18:22:51.874] [ERROR] nomel - GET /img/avatar-mini4.jpg
[2016-12-30 18:22:51.875] [ERROR] nomel - GET /img/avatar1_small.jpg
[2016-12-30 18:22:52.094] [ERROR] nomel - GET /img/search-icon.jpg
[2016-12-30 18:23:21.183] [ERROR] nomel - GET /img/avatar-mini.jpg
[2016-12-30 18:23:21.187] [ERROR] nomel - GET /img/avatar-mini2.jpg
[2016-12-30 18:23:21.189] [ERROR] nomel - GET /img/avatar-mini3.jpg
[2016-12-30 18:23:21.189] [ERROR] nomel - GET /img/avatar-mini4.jpg
[2016-12-30 18:23:21.190] [ERROR] nomel - GET /img/avatar1_small.jpg
[2016-12-30 18:23:21.400] [ERROR] nomel - GET /img/search-icon.jpg
[2016-12-30 18:23:22.203] [ERROR] nomel - GET /img/avatar-mini.jpg
[2016-12-30 18:23:22.206] [ERROR] nomel - GET /img/avatar-mini2.jpg
[2016-12-30 18:23:22.210] [ERROR] nomel - GET /img/avatar-mini3.jpg
[2016-12-30 18:23:22.216] [ERROR] nomel - GET /img/avatar-mini4.jpg
[2016-12-30 18:23:22.220] [ERROR] nomel - GET /img/avatar1_small.jpg
[2016-12-30 18:23:22.462] [ERROR] nomel - GET /img/search-icon.jpg
[2016-12-30 18:23:26.478] [ERROR] nomel - GET /img/avatar-mini.jpg
[2016-12-30 18:23:26.482] [ERROR] nomel - GET /img/avatar-mini2.jpg
[2016-12-30 18:23:26.489] [ERROR] nomel - GET /img/avatar-mini3.jpg
[2016-12-30 18:23:26.491] [ERROR] nomel - GET /img/avatar-mini4.jpg
[2016-12-30 18:23:26.491] [ERROR] nomel - GET /img/avatar1_small.jpg
[2016-12-30 18:23:26.721] [ERROR] nomel - GET /img/search-icon.jpg
[2016-12-30 18:23:52.530] [ERROR] nomel - GET /img/avatar-mini.jpg
[2016-12-30 18:23:52.538] [ERROR] nomel - GET /img/avatar-mini2.jpg
[2016-12-30 18:23:52.539] [ERROR] nomel - GET /img/avatar-mini3.jpg
[2016-12-30 18:23:52.539] [ERROR] nomel - GET /img/avatar-mini4.jpg
[2016-12-30 18:23:52.540] [ERROR] nomel - GET /img/avatar1_small.jpg
[2016-12-30 18:23:52.606] [ERROR] nomel - GET /img/search-icon.jpg
[2016-12-30 18:23:53.387] [ERROR] nomel - GET /img/avatar-mini.jpg
[2016-12-30 18:23:53.392] [ERROR] nomel - GET /img/avatar-mini2.jpg
[2016-12-30 18:23:53.398] [ERROR] nomel - GET /img/avatar-mini3.jpg
[2016-12-30 18:23:53.398] [ERROR] nomel - GET /img/avatar-mini4.jpg
[2016-12-30 18:23:53.403] [ERROR] nomel - GET /img/avatar1_small.jpg
[2016-12-30 18:23:53.481] [ERROR] nomel - GET /img/search-icon.jpg
[2016-12-30 18:23:54.251] [ERROR] nomel - GET /img/avatar-mini.jpg
[2016-12-30 18:23:54.260] [ERROR] nomel - GET /img/avatar-mini2.jpg
[2016-12-30 18:23:54.261] [ERROR] nomel - GET /img/avatar-mini3.jpg
[2016-12-30 18:23:54.262] [ERROR] nomel - GET /img/avatar-mini4.jpg
[2016-12-30 18:23:54.263] [ERROR] nomel - GET /img/avatar1_small.jpg
[2016-12-30 18:23:54.332] [ERROR] nomel - GET /img/search-icon.jpg
[2016-12-30 18:25:39.742] [ERROR] nomel - GET /img/avatar-mini.jpg
[2016-12-30 18:25:39.746] [ERROR] nomel - GET /img/avatar-mini2.jpg
[2016-12-30 18:25:39.752] [ERROR] nomel - GET /img/avatar-mini3.jpg
[2016-12-30 18:25:39.757] [ERROR] nomel - GET /img/avatar-mini4.jpg
[2016-12-30 18:25:39.759] [ERROR] nomel - GET /img/avatar1_small.jpg
[2016-12-30 18:25:39.846] [ERROR] nomel - GET /img/search-icon.jpg
[2016-12-30 18:26:25.056] [ERROR] nomel - GET /img/avatar-mini.jpg
[2016-12-30 18:26:25.057] [ERROR] nomel - GET /img/avatar-mini2.jpg
[2016-12-30 18:26:25.057] [ERROR] nomel - GET /img/avatar-mini3.jpg
[2016-12-30 18:26:25.060] [ERROR] nomel - GET /img/avatar-mini4.jpg
[2016-12-30 18:26:25.061] [ERROR] nomel - GET /img/avatar1_small.jpg
[2016-12-30 18:26:25.081] [ERROR] nomel - GET /img/search-icon.jpg
[2016-12-30 18:26:26.307] [ERROR] nomel - GET /img/avatar-mini.jpg
[2016-12-30 18:26:26.308] [ERROR] nomel - GET /img/avatar-mini2.jpg
[2016-12-30 18:26:26.309] [ERROR] nomel - GET /img/avatar-mini3.jpg
[2016-12-30 18:26:26.309] [ERROR] nomel - GET /img/avatar-mini4.jpg
[2016-12-30 18:26:26.310] [ERROR] nomel - GET /img/avatar1_small.jpg
[2016-12-30 18:26:26.387] [ERROR] nomel - GET /img/search-icon.jpg
[2016-12-30 18:26:27.242] [ERROR] nomel - GET /img/avatar-mini.jpg
[2016-12-30 18:26:27.250] [ERROR] nomel - GET /img/avatar-mini2.jpg
[2016-12-30 18:26:27.251] [ERROR] nomel - GET /img/avatar-mini3.jpg
[2016-12-30 18:26:27.251] [ERROR] nomel - GET /img/avatar-mini4.jpg
[2016-12-30 18:26:27.253] [ERROR] nomel - GET /img/avatar1_small.jpg
[2016-12-30 18:26:27.316] [ERROR] nomel - GET /img/search-icon.jpg
[2016-12-30 18:26:27.746] [ERROR] nomel - GET /img/avatar-mini.jpg
[2016-12-30 18:26:27.756] [ERROR] nomel - GET /img/avatar-mini2.jpg
[2016-12-30 18:26:27.756] [ERROR] nomel - GET /img/avatar-mini3.jpg
[2016-12-30 18:26:27.757] [ERROR] nomel - GET /img/avatar-mini4.jpg
[2016-12-30 18:26:27.758] [ERROR] nomel - GET /img/avatar1_small.jpg
[2016-12-30 18:26:27.827] [ERROR] nomel - GET /img/search-icon.jpg
[2016-12-30 18:26:28.064] [ERROR] nomel - GET /img/avatar-mini.jpg
[2016-12-30 18:26:28.068] [ERROR] nomel - GET /img/avatar-mini2.jpg
[2016-12-30 18:26:28.068] [ERROR] nomel - GET /img/avatar-mini3.jpg
[2016-12-30 18:26:28.069] [ERROR] nomel - GET /img/avatar-mini4.jpg
[2016-12-30 18:26:28.070] [ERROR] nomel - GET /img/avatar1_small.jpg
[2016-12-30 18:26:28.151] [ERROR] nomel - GET /img/search-icon.jpg
[2016-12-30 18:26:28.359] [ERROR] nomel - GET /img/avatar-mini.jpg
[2016-12-30 18:26:28.362] [ERROR] nomel - GET /img/avatar-mini2.jpg
[2016-12-30 18:26:28.368] [ERROR] nomel - GET /img/avatar-mini3.jpg
[2016-12-30 18:26:28.374] [ERROR] nomel - GET /img/avatar-mini4.jpg
[2016-12-30 18:26:28.375] [ERROR] nomel - GET /img/avatar1_small.jpg
[2016-12-30 18:26:28.463] [ERROR] nomel - GET /img/search-icon.jpg
[2016-12-30 18:26:28.702] [ERROR] nomel - GET /img/avatar-mini.jpg
[2016-12-30 18:26:28.705] [ERROR] nomel - GET /img/avatar-mini2.jpg
[2016-12-30 18:26:28.708] [ERROR] nomel - GET /img/avatar-mini3.jpg
[2016-12-30 18:26:28.711] [ERROR] nomel - GET /img/avatar-mini4.jpg
[2016-12-30 18:26:28.715] [ERROR] nomel - GET /img/avatar1_small.jpg
[2016-12-30 18:26:28.803] [ERROR] nomel - GET /img/search-icon.jpg
[2016-12-30 18:26:29.679] [ERROR] nomel - GET /img/avatar-mini.jpg
[2016-12-30 18:26:29.685] [ERROR] nomel - GET /img/avatar-mini2.jpg
[2016-12-30 18:26:29.685] [ERROR] nomel - GET /img/avatar-mini3.jpg
[2016-12-30 18:26:29.686] [ERROR] nomel - GET /img/avatar-mini4.jpg
[2016-12-30 18:26:29.687] [ERROR] nomel - GET /img/avatar1_small.jpg
[2016-12-30 18:26:29.762] [ERROR] nomel - GET /img/search-icon.jpg
[2016-12-30 18:26:30.663] [ERROR] nomel - GET /img/avatar-mini.jpg
[2016-12-30 18:26:30.667] [ERROR] nomel - GET /img/avatar-mini2.jpg
[2016-12-30 18:26:30.670] [ERROR] nomel - GET /img/avatar-mini3.jpg
[2016-12-30 18:26:30.674] [ERROR] nomel - GET /img/avatar-mini4.jpg
[2016-12-30 18:26:30.677] [ERROR] nomel - GET /img/avatar1_small.jpg
[2016-12-30 18:26:30.753] [ERROR] nomel - GET /img/search-icon.jpg
[2016-12-30 18:30:05.836] [ERROR] nomel - GET /img/avatar-mini.jpg
[2016-12-30 18:30:05.837] [ERROR] nomel - GET /img/avatar-mini2.jpg
[2016-12-30 18:30:05.837] [ERROR] nomel - GET /img/avatar-mini3.jpg
[2016-12-30 18:30:05.838] [ERROR] nomel - GET /img/avatar-mini4.jpg
[2016-12-30 18:30:05.841] [ERROR] nomel - GET /img/avatar1_small.jpg
[2016-12-30 18:30:05.862] [ERROR] nomel - GET /img/search-icon.jpg
[2016-12-30 18:30:06.906] [ERROR] nomel - GET /img/avatar-mini.jpg
[2016-12-30 18:30:06.910] [ERROR] nomel - GET /img/avatar-mini2.jpg
[2016-12-30 18:30:06.913] [ERROR] nomel - GET /img/avatar-mini3.jpg
[2016-12-30 18:30:06.918] [ERROR] nomel - GET /img/avatar-mini4.jpg
[2016-12-30 18:30:06.922] [ERROR] nomel - GET /img/avatar1_small.jpg
[2016-12-30 18:30:07.008] [ERROR] nomel - GET /img/search-icon.jpg
[2016-12-30 18:30:07.734] [ERROR] nomel - GET /img/avatar-mini.jpg
[2016-12-30 18:30:07.747] [ERROR] nomel - GET /img/avatar-mini2.jpg
[2016-12-30 18:30:07.748] [ERROR] nomel - GET /img/avatar-mini3.jpg
[2016-12-30 18:30:07.748] [ERROR] nomel - GET /img/avatar-mini4.jpg
[2016-12-30 18:30:07.748] [ERROR] nomel - GET /img/avatar1_small.jpg
[2016-12-30 18:30:07.816] [ERROR] nomel - GET /img/search-icon.jpg
[2016-12-30 18:30:08.606] [ERROR] nomel - GET /img/avatar-mini.jpg
[2016-12-30 18:30:08.609] [ERROR] nomel - GET /img/avatar-mini2.jpg
[2016-12-30 18:30:08.614] [ERROR] nomel - GET /img/avatar-mini3.jpg
[2016-12-30 18:30:08.620] [ERROR] nomel - GET /img/avatar-mini4.jpg
[2016-12-30 18:30:08.622] [ERROR] nomel - GET /img/avatar1_small.jpg
[2016-12-30 18:30:08.704] [ERROR] nomel - GET /img/search-icon.jpg
[2016-12-30 18:30:30.564] [ERROR] nomel - GET /img/avatar-mini.jpg
[2016-12-30 18:30:30.572] [ERROR] nomel - GET /img/avatar-mini2.jpg
[2016-12-30 18:30:30.572] [ERROR] nomel - GET /img/avatar-mini3.jpg
[2016-12-30 18:30:30.575] [ERROR] nomel - GET /img/avatar-mini4.jpg
[2016-12-30 18:30:30.576] [ERROR] nomel - GET /img/avatar1_small.jpg
[2016-12-30 18:30:30.649] [ERROR] nomel - GET /img/search-icon.jpg
[2016-12-30 18:30:31.368] [ERROR] nomel - GET /img/avatar-mini.jpg
[2016-12-30 18:30:31.378] [ERROR] nomel - GET /img/avatar-mini2.jpg
[2016-12-30 18:30:31.379] [ERROR] nomel - GET /img/avatar-mini3.jpg
[2016-12-30 18:30:31.380] [ERROR] nomel - GET /img/avatar-mini4.jpg
[2016-12-30 18:30:31.383] [ERROR] nomel - GET /img/avatar1_small.jpg
[2016-12-30 18:30:31.445] [ERROR] nomel - GET /img/search-icon.jpg
[2016-12-30 18:30:31.860] [ERROR] nomel - GET /img/avatar-mini.jpg
[2016-12-30 18:30:31.866] [ERROR] nomel - GET /img/avatar-mini2.jpg
[2016-12-30 18:30:31.872] [ERROR] nomel - GET /img/avatar-mini3.jpg
[2016-12-30 18:30:31.873] [ERROR] nomel - GET /img/avatar-mini4.jpg
[2016-12-30 18:30:31.875] [ERROR] nomel - GET /img/avatar1_small.jpg
[2016-12-30 18:30:31.951] [ERROR] nomel - GET /img/search-icon.jpg
[2016-12-30 18:30:32.188] [ERROR] nomel - GET /img/avatar-mini.jpg
[2016-12-30 18:30:32.190] [ERROR] nomel - GET /img/avatar-mini2.jpg
[2016-12-30 18:30:32.202] [ERROR] nomel - GET /img/avatar-mini3.jpg
[2016-12-30 18:30:32.203] [ERROR] nomel - GET /img/avatar-mini4.jpg
[2016-12-30 18:30:32.203] [ERROR] nomel - GET /img/avatar1_small.jpg
[2016-12-30 18:30:32.275] [ERROR] nomel - GET /img/search-icon.jpg
[2016-12-30 18:30:32.534] [ERROR] nomel - GET /img/avatar-mini.jpg
[2016-12-30 18:30:32.540] [ERROR] nomel - GET /img/avatar-mini2.jpg
[2016-12-30 18:30:32.541] [ERROR] nomel - GET /img/avatar-mini3.jpg
[2016-12-30 18:30:32.541] [ERROR] nomel - GET /img/avatar-mini4.jpg
[2016-12-30 18:30:32.542] [ERROR] nomel - GET /img/avatar1_small.jpg
[2016-12-30 18:30:32.618] [ERROR] nomel - GET /img/search-icon.jpg
[2016-12-30 18:31:38.776] [ERROR] nomel - GET /img/avatar-mini.jpg
[2016-12-30 18:31:38.777] [ERROR] nomel - GET /img/avatar-mini2.jpg
[2016-12-30 18:31:38.777] [ERROR] nomel - GET /img/avatar-mini3.jpg
[2016-12-30 18:31:38.781] [ERROR] nomel - GET /img/avatar-mini4.jpg
[2016-12-30 18:31:38.782] [ERROR] nomel - GET /img/avatar1_small.jpg
[2016-12-30 18:31:38.805] [ERROR] nomel - GET /img/search-icon.jpg
[2016-12-30 18:31:52.168] [ERROR] nomel - GET /img/arrow-up.png
[2016-12-30 18:33:12.598] [ERROR] nomel - GET /img/avatar-mini.jpg
[2016-12-30 18:33:12.599] [ERROR] nomel - GET /img/avatar-mini2.jpg
[2016-12-30 18:33:12.599] [ERROR] nomel - GET /img/avatar-mini3.jpg
[2016-12-30 18:33:12.600] [ERROR] nomel - GET /img/avatar-mini4.jpg
[2016-12-30 18:33:12.601] [ERROR] nomel - GET /img/avatar1_small.jpg
[2016-12-30 18:33:12.632] [ERROR] nomel - GET /img/search-icon.jpg
[2016-12-30 18:33:14.013] [ERROR] nomel - GET /img/avatar-mini.jpg
[2016-12-30 18:33:14.013] [ERROR] nomel - GET /img/avatar-mini2.jpg
[2016-12-30 18:33:14.014] [ERROR] nomel - GET /img/avatar-mini3.jpg
[2016-12-30 18:33:14.014] [ERROR] nomel - GET /img/avatar-mini4.jpg
[2016-12-30 18:33:14.022] [ERROR] nomel - GET /img/avatar1_small.jpg
[2016-12-30 18:33:14.090] [ERROR] nomel - GET /img/search-icon.jpg
[2016-12-30 18:33:46.065] [ERROR] nomel - GET /img/avatar-mini.jpg
[2016-12-30 18:33:46.067] [ERROR] nomel - GET /img/avatar-mini2.jpg
[2016-12-30 18:33:46.068] [ERROR] nomel - GET /img/avatar-mini3.jpg
[2016-12-30 18:33:46.069] [ERROR] nomel - GET /img/avatar-mini4.jpg
[2016-12-30 18:33:46.071] [ERROR] nomel - GET /img/avatar1_small.jpg
[2016-12-30 18:33:46.138] [ERROR] nomel - GET /img/search-icon.jpg
[2016-12-30 21:12:39.681] [ERROR] nomel - GET /cdr
[2016-12-30 21:12:39.737] [ERROR] nomel - GET /favicon.ico
[2016-12-30 21:12:46.509] [ERROR] nomel - GET /img/avatar-mini.jpg
[2016-12-30 21:12:46.509] [ERROR] nomel - GET /img/avatar-mini2.jpg
[2016-12-30 21:12:46.516] [ERROR] nomel - GET /img/avatar-mini3.jpg
[2016-12-30 21:12:46.517] [ERROR] nomel - GET /img/avatar-mini4.jpg
[2016-12-30 21:12:46.518] [ERROR] nomel - GET /img/avatar1_small.jpg
[2016-12-30 21:12:46.528] [ERROR] nomel - GET /img/search-icon.jpg
[2016-12-30 21:13:03.426] [ERROR] nomel - GET /img/avatar-mini.jpg
[2016-12-30 21:13:03.435] [ERROR] nomel - GET /img/avatar-mini2.jpg
[2016-12-30 21:13:03.437] [ERROR] nomel - GET /img/avatar-mini3.jpg
[2016-12-30 21:13:03.440] [ERROR] nomel - GET /img/avatar-mini4.jpg
[2016-12-30 21:13:03.441] [ERROR] nomel - GET /img/avatar1_small.jpg
[2016-12-30 21:13:03.455] [ERROR] nomel - GET /img/search-icon.jpg
[2016-12-30 21:13:37.230] [ERROR] nomel - GET /img/avatar-mini.jpg
[2016-12-30 21:13:37.234] [ERROR] nomel - GET /img/avatar-mini2.jpg
[2016-12-30 21:13:37.234] [ERROR] nomel - GET /img/avatar-mini3.jpg
[2016-12-30 21:13:37.234] [ERROR] nomel - GET /img/avatar-mini4.jpg
[2016-12-30 21:13:37.244] [ERROR] nomel - GET /img/avatar1_small.jpg
[2016-12-30 21:13:37.252] [ERROR] nomel - GET /img/search-icon.jpg
[2016-12-30 21:13:37.820] [ERROR] nomel - GET /img/avatar-mini.jpg
[2016-12-30 21:13:37.831] [ERROR] nomel - GET /img/avatar-mini2.jpg
[2016-12-30 21:13:37.832] [ERROR] nomel - GET /img/avatar-mini3.jpg
[2016-12-30 21:13:37.832] [ERROR] nomel - GET /img/search-icon.jpg
[2016-12-30 21:13:37.834] [ERROR] nomel - GET /img/avatar1_small.jpg
[2016-12-30 21:13:37.835] [ERROR] nomel - GET /img/avatar-mini4.jpg
[2016-12-31 00:17:16.892] [ERROR] nomel - GET /img/avatar-mini.jpg
[2016-12-31 00:17:16.904] [ERROR] nomel - GET /img/avatar-mini2.jpg
[2016-12-31 00:17:16.909] [ERROR] nomel - GET /img/avatar-mini3.jpg
[2016-12-31 00:17:16.909] [ERROR] nomel - GET /img/avatar-mini4.jpg
[2016-12-31 00:17:16.911] [ERROR] nomel - GET /img/avatar1_small.jpg
[2016-12-31 00:17:16.935] [ERROR] nomel - GET /img/search-icon.jpg
[2016-12-31 14:41:38.673] [ERROR] nomel - GET /img/avatar-mini.jpg
[2016-12-31 14:41:38.674] [ERROR] nomel - GET /img/avatar-mini2.jpg
[2016-12-31 14:41:38.679] [ERROR] nomel - GET /img/avatar-mini3.jpg
[2016-12-31 14:41:38.679] [ERROR] nomel - GET /img/avatar-mini4.jpg
[2016-12-31 14:41:38.680] [ERROR] nomel - GET /img/avatar1_small.jpg
[2016-12-31 14:41:38.703] [ERROR] nomel - GET /img/search-icon.jpg
[2016-12-31 14:42:08.606] [ERROR] nomel - GET /img/avatar-mini.jpg
[2016-12-31 14:42:08.607] [ERROR] nomel - GET /img/avatar-mini2.jpg
[2016-12-31 14:42:08.608] [ERROR] nomel - GET /img/avatar-mini3.jpg
[2016-12-31 14:42:08.608] [ERROR] nomel - GET /img/avatar-mini4.jpg
[2016-12-31 14:42:08.608] [ERROR] nomel - GET /img/avatar1_small.jpg
[2016-12-31 14:42:08.637] [ERROR] nomel - GET /img/search-icon.jpg
[2016-12-31 14:45:57.303] [ERROR] nomel - GET /img/avatar-mini.jpg
[2016-12-31 14:45:57.304] [ERROR] nomel - GET /img/avatar-mini2.jpg
[2016-12-31 14:45:57.306] [ERROR] nomel - GET /img/avatar-mini3.jpg
[2016-12-31 14:45:57.307] [ERROR] nomel - GET /img/avatar-mini4.jpg
[2016-12-31 14:45:57.307] [ERROR] nomel - GET /img/avatar1_small.jpg
[2016-12-31 14:45:57.347] [ERROR] nomel - GET /img/search-icon.jpg
[2016-12-31 14:48:15.159] [ERROR] nomel - GET /img/avatar-mini.jpg
[2016-12-31 14:48:15.160] [ERROR] nomel - GET /img/avatar-mini2.jpg
[2016-12-31 14:48:15.161] [ERROR] nomel - GET /img/avatar-mini3.jpg
[2016-12-31 14:48:15.162] [ERROR] nomel - GET /img/avatar-mini4.jpg
[2016-12-31 14:48:15.162] [ERROR] nomel - GET /img/avatar1_small.jpg
[2016-12-31 14:48:15.193] [ERROR] nomel - GET /img/search-icon.jpg
[2016-12-31 14:48:16.085] [ERROR] nomel - GET /img/avatar-mini.jpg
[2016-12-31 14:48:16.092] [ERROR] nomel - GET /img/avatar-mini2.jpg
[2016-12-31 14:48:16.095] [ERROR] nomel - GET /img/avatar-mini3.jpg
[2016-12-31 14:48:16.096] [ERROR] nomel - GET /img/avatar-mini4.jpg
[2016-12-31 14:48:16.098] [ERROR] nomel - GET /img/avatar1_small.jpg
[2016-12-31 14:48:16.171] [ERROR] nomel - GET /img/search-icon.jpg
[2016-12-31 14:48:31.942] [ERROR] nomel - GET /img/arrow-up.png
[2016-12-31 14:50:05.207] [ERROR] nomel - GET /img/avatar1_small.jpg
[2016-12-31 14:50:05.241] [ERROR] nomel - GET /img/search-icon.jpg
[2016-12-31 14:50:05.950] [ERROR] nomel - GET /img/avatar1_small.jpg
[2016-12-31 14:50:06.032] [ERROR] nomel - GET /img/search-icon.jpg
[2016-12-31 14:50:10.054] [ERROR] nomel - GET /img/arrow-up.png
[2016-12-31 14:53:08.805] [ERROR] nomel - GET /img/search-icon.jpg
[2016-12-31 14:53:10.015] [ERROR] nomel - GET /img/arrow-up.png
[2016-12-31 14:53:21.961] [ERROR] nomel - GET /img/search-icon.jpg
[2016-12-31 14:53:22.056] [ERROR] nomel - GET /favicon.ico
[2016-12-31 14:56:34.294] [ERROR] nomel - GET /img/arrow-up.png
[2016-12-31 14:57:12.997] [ERROR] nomel - GET /img/arrow-up.png
[2016-12-31 15:18:36.995] [ERROR] nomel - GET /img/arrow-up.png
[2016-12-31 15:55:24.811] [ERROR] nomel - GET /img/arrow-up.png
[2016-12-31 15:59:08.080] [ERROR] nomel - GET /img/arrow-up.png
[2016-12-31 20:08:09.792] [ERROR] nomel - GET /img/arrow-up.png
[2016-12-31 22:56:31.962] [ERROR] nomel - GET /img/arrow-up.png
[2016-12-31 23:02:15.767] [ERROR] nomel - GET /img/arrow-up.png
[2016-12-31 23:08:04.510] [ERROR] nomel - GET /stylesheets/images/arrow-up.png
[2016-12-31 23:31:12.305] [ERROR] nomel - GET /stylesheets/images/arrow-up.png
[2016-12-31 23:44:33.030] [ERROR] nomel - GET /stylesheets/images/arrow-up.png
[2017-01-01 18:49:06.942] [ERROR] nomel - GET /fonts/glyphicons-halflings-regular.woff
[2017-01-01 18:49:07.049] [ERROR] nomel - GET /fonts/glyphicons-halflings-regular.ttf
[2017-01-01 18:49:07.964] [ERROR] nomel - GET /fonts/glyphicons-halflings-regular.woff
[2017-01-01 18:49:08.060] [ERROR] nomel - GET /fonts/glyphicons-halflings-regular.ttf
[2017-01-01 18:50:03.758] [ERROR] nomel - GET /fonts/glyphicons-halflings-regular.woff
[2017-01-01 18:50:03.858] [ERROR] nomel - GET /fonts/glyphicons-halflings-regular.ttf
[2017-01-01 18:50:04.529] [ERROR] nomel - GET /fonts/glyphicons-halflings-regular.woff
[2017-01-01 18:50:04.596] [ERROR] nomel - GET /fonts/glyphicons-halflings-regular.ttf
[2017-01-01 18:50:37.569] [ERROR] nomel - GET /img/loading.gif
[2017-01-01 18:50:41.344] [ERROR] nomel - POST /
[2017-01-01 18:50:41.347] [ERROR] nomel - GET /img/loading-sm.gif
[2017-01-01 18:51:18.552] [ERROR] nomel - GET /fonts/glyphicons-halflings-regular.woff
[2017-01-01 18:51:18.650] [ERROR] nomel - GET /fonts/glyphicons-halflings-regular.ttf
[2017-01-01 19:02:44.103] [ERROR] nomel - POST /
[2017-01-01 19:05:37.676] [ERROR] nomel - POST /
[2017-01-01 19:06:24.930] [ERROR] nomel - POST /
[2017-01-01 19:08:59.396] [ERROR] nomel - POST /
[2017-01-01 20:46:49.420] [ERROR] nomel - GET /img/loading.gif
[2017-01-01 21:25:56.109] [ERROR] nomel - GET /images/jellyfish.jpg
[2017-01-01 21:25:56.110] [ERROR] nomel - GET /images/desert.jpg
[2017-01-01 23:42:10.492] [ERROR] nomel - GET /img/loading.gif
[2017-01-01 23:48:59.350] [ERROR] nomel - GET /img/loading.gif
[2017-01-01 23:55:39.827] [ERROR] nomel - GET /img/loading.gif
[2017-01-02 00:59:55.258] [ERROR] nomel - GET /img/loading.gif
[2017-01-02 01:08:09.415] [ERROR] nomel - POST /
[2017-01-02 01:08:09.418] [ERROR] nomel - POST /
[2017-01-02 01:08:09.418] [ERROR] nomel - POST /
[2017-01-02 01:08:09.421] [ERROR] nomel - GET /img/loading-sm.gif
[2017-01-02 02:06:47.136] [ERROR] nomel - POST /
[2017-01-02 02:20:51.691] [ERROR] nomel - GET /file/uploading
[2017-01-02 02:20:51.796] [ERROR] nomel - GET /favicon.ico
[2017-01-02 02:27:32.589] [ERROR] nomel - GET /img/loading.gif
[2017-01-02 02:27:37.587] [ERROR] nomel - GET /img/loading-sm.gif
[2017-01-02 15:49:39.449] [ERROR] nomel - GET /stylesheets/images/arrow-up.png
[2017-01-03 09:15:44.329] [ERROR] nomel - GET /img/loading.gif
[2017-01-03 10:12:17.822] [ERROR] nomel - POST /zhongdui/delete?id=1
[2017-01-03 14:03:19.243] [ERROR] nomel - GET /img/profile-avatar.jpg
[2017-01-03 14:03:26.970] [ERROR] nomel - GET /profile-activity.html
[2017-01-03 14:03:27.158] [ERROR] nomel - GET /favicon.ico
[2017-01-03 14:05:29.763] [ERROR] nomel - GET /img/profile-avatar.jpg
[2017-01-03 14:05:31.201] [ERROR] nomel - GET /img/profile-avatar.jpg
[2017-01-03 14:05:37.952] [ERROR] nomel - GET /img/profile-avatar.jpg
[2017-01-03 14:06:59.932] [ERROR] nomel - GET /img/profile-avatar.jpg
[2017-01-03 14:09:45.198] [ERROR] nomel - GET /img/profile-avatar.jpg
[2017-01-03 14:09:56.666] [ERROR] nomel - GET /img/profile-avatar.jpg
[2017-01-03 14:09:57.782] [ERROR] nomel - GET /img/profile-avatar.jpg
[2017-01-03 14:09:58.695] [ERROR] nomel - GET /road
[2017-01-03 14:10:04.337] [ERROR] nomel - GET /img/profile-avatar.jpg
[2017-01-03 14:10:50.395] [ERROR] nomel - GET /img/profile-avatar.jpg
[2017-01-03 14:10:51.352] [ERROR] nomel - GET /img/profile-avatar.jpg
[2017-01-03 14:10:53.995] [ERROR] nomel - GET /img/profile-avatar.jpg
[2017-01-03 14:11:26.617] [ERROR] nomel - GET /road
[2017-01-03 14:12:27.249] [ERROR] nomel - GET /img/profile-avatar.jpg
[2017-01-03 14:14:28.697] [ERROR] nomel - GET /img/profile-avatar.jpg
[2017-01-03 14:14:29.263] [ERROR] nomel - GET /img/profile-avatar.jpg
[2017-01-03 14:14:29.417] [ERROR] nomel - GET /img/profile-avatar.jpg
[2017-01-03 14:14:29.895] [ERROR] nomel - GET /img/profile-avatar.jpg
[2017-01-03 14:16:08.868] [ERROR] nomel - GET /img/profile-avatar.jpg
[2017-01-03 14:23:42.265] [ERROR] nomel - GET /img/profile-avatar.jpg
[2017-01-03 14:23:43.565] [ERROR] nomel - GET /img/profile-avatar.jpg
[2017-01-03 14:23:44.448] [ERROR] nomel - GET /img/profile-avatar.jpg
[2017-01-03 14:24:20.118] [ERROR] nomel - GET /img/profile-avatar.jpg
[2017-01-03 14:24:21.075] [ERROR] nomel - GET /img/profile-avatar.jpg
[2017-01-03 14:24:22.244] [ERROR] nomel - GET /img/profile-avatar.jpg
[2017-01-03 14:24:23.380] [ERROR] nomel - GET /img/profile-avatar.jpg
[2017-01-03 14:26:45.512] [ERROR] nomel - GET /img/profile-avatar.jpg
[2017-01-03 14:26:46.003] [ERROR] nomel - GET /img/profile-avatar.jpg
[2017-01-03 14:26:46.153] [ERROR] nomel - GET /img/profile-avatar.jpg
[2017-01-03 14:26:47.851] [ERROR] nomel - GET /img/profile-avatar.jpg
[2017-01-03 14:26:49.490] [ERROR] nomel - GET /road
[2017-01-03 14:28:46.271] [ERROR] nomel - GET /img/profile-avatar.jpg
[2017-01-03 14:28:48.095] [ERROR] nomel - GET /img/profile-avatar.jpg
[2017-01-03 14:28:54.585] [ERROR] nomel - GET /img/profile-avatar.jpg
[2017-01-03 14:30:27.636] [ERROR] nomel - GET /img/profile-avatar.jpg
[2017-01-03 14:36:38.078] [ERROR] nomel - GET /img/profile-avatar.jpg
[2017-01-03 14:36:40.546] [ERROR] nomel - GET /img/profile-avatar.jpg
[2017-01-03 14:40:51.651] [ERROR] nomel - GET /img/profile-avatar.jpg
[2017-01-03 14:44:18.067] [ERROR] nomel - GET /img/profile-avatar.jpg
[2017-01-03 14:44:18.884] [ERROR] nomel - GET /img/profile-avatar.jpg
[2017-01-03 14:44:19.831] [ERROR] nomel - GET /img/profile-avatar.jpg
[2017-01-03 14:44:20.563] [ERROR] nomel - GET /img/profile-avatar.jpg
[2017-01-03 14:44:33.117] [ERROR] nomel - GET /img/profile-avatar.jpg
[2017-01-03 14:48:04.785] [ERROR] nomel - GET /img/profile-avatar.jpg
[2017-01-03 14:48:13.852] [ERROR] nomel - GET /img/profile-avatar.jpg
[2017-01-03 14:48:31.523] [ERROR] nomel - GET /img/profile-avatar.jpg
[2017-01-03 14:48:32.799] [ERROR] nomel - GET /img/profile-avatar.jpg
[2017-01-03 14:50:08.936] [ERROR] nomel - GET /img/profile-avatar.jpg
[2017-01-03 14:50:12.789] [ERROR] nomel - GET /img/profile-avatar.jpg
[2017-01-03 14:50:13.253] [ERROR] nomel - GET /img/profile-avatar.jpg
[2017-01-03 14:50:13.371] [ERROR] nomel - GET /img/profile-avatar.jpg
[2017-01-03 14:50:13.566] [ERROR] nomel - GET /img/profile-avatar.jpg
[2017-01-03 14:51:59.251] [ERROR] nomel - GET /img/profile-avatar.jpg
[2017-01-03 15:00:01.011] [ERROR] nomel - GET /img/profile-avatar.jpg
[2017-01-03 15:00:02.721] [ERROR] nomel - GET /img/profile-avatar.jpg
[2017-01-03 15:00:03.740] [ERROR] nomel - GET /img/profile-avatar.jpg
[2017-01-03 15:00:08.369] [ERROR] nomel - GET /img/profile-avatar.jpg
[2017-01-03 15:02:16.087] [ERROR] nomel - GET /img/profile-avatar.jpg
[2017-01-03 15:02:17.069] [ERROR] nomel - GET /img/profile-avatar.jpg
[2017-01-03 15:02:19.279] [ERROR] nomel - GET /img/loading.gif
[2017-01-03 15:02:44.323] [ERROR] nomel - GET /img/profile-avatar.jpg
[2017-01-03 15:04:31.144] [ERROR] nomel - GET /img/profile-avatar.jpg
[2017-01-03 15:04:44.919] [ERROR] nomel - GET /img/profile-avatar.jpg
[2017-01-03 15:14:16.624] [ERROR] nomel - GET /img/profile-avatar.jpg
[2017-01-03 15:27:29.743] [ERROR] nomel - GET /img/profile-avatar.jpg
[2017-01-03 15:27:36.051] [ERROR] nomel - GET /img/profile-avatar.jpg
[2017-01-03 15:55:39.754] [ERROR] nomel - GET /img/profile-avatar.jpg
[2017-01-03 16:18:23.375] [ERROR] nomel - GET /road
[2017-01-03 16:20:18.863] [ERROR] nomel - GET /profile-edit.html
[2017-01-03 16:33:16.166] [ERROR] nomel - GET /profile-edit.html
[2017-01-03 16:58:26.468] [ERROR] nomel - GET /base
[2017-01-03 16:58:47.096] [ERROR] nomel - GET /base-dd
[2017-01-03 16:58:55.459] [ERROR] nomel - GET /javascripts/base-dadui.js
[2017-01-03 17:01:20.340] [ERROR] nomel - GET /javascripts/base-dadui.js
[2017-01-03 17:01:20.372] [ERROR] nomel - GET /javascripts/base-dadui.js
[2017-01-03 17:01:47.996] [ERROR] nomel - GET /javascripts/base-dadui.js
[2017-01-03 17:03:29.279] [ERROR] nomel - GET /javascripts/base-dadui.js
[2017-01-03 17:03:29.314] [ERROR] nomel - GET /javascripts/base-dadui.js
[2017-01-03 17:05:21.347] [ERROR] nomel - GET /javascripts/base-dadui.js
[2017-01-03 17:05:21.380] [ERROR] nomel - GET /javascripts/base-dadui.js
[2017-01-03 17:05:54.658] [ERROR] nomel - GET /javascripts/base-dadui.js
[2017-01-03 17:05:54.686] [ERROR] nomel - GET /javascripts/base-dadui.js
[2017-01-03 17:06:15.949] [ERROR] nomel - GET /javascripts/base-dadui.js
[2017-01-03 17:06:15.992] [ERROR] nomel - GET /javascripts/base-dadui.js
[2017-01-03 17:07:25.202] [ERROR] nomel - GET /javascripts/base-dadui.js
[2017-01-03 17:07:25.234] [ERROR] nomel - GET /javascripts/base-dadui.js
[2017-01-03 17:07:38.351] [ERROR] nomel - GET /javascripts/base-dadui.js
[2017-01-03 17:07:38.362] [ERROR] nomel - GET /javascripts/base-dadui.js
[2017-01-03 17:11:02.048] [ERROR] nomel - GET /base-zd
[2017-01-03 17:55:18.768] [ERROR] nomel - GET /
[2017-01-03 17:55:27.158] [ERROR] nomel - GET /base-dd
[2017-01-03 17:55:56.341] [ERROR] nomel - GET /base
[2017-01-03 17:58:00.470] [ERROR] nomel - GET /base
[2017-01-03 17:59:14.180] [ERROR] nomel - GET /base
[2017-01-03 17:59:27.775] [ERROR] nomel - GET /
[2017-01-03 17:59:28.274] [ERROR] nomel - GET /
[2017-01-03 18:00:28.814] [ERROR] nomel - GET /base-dd
[2017-01-03 18:56:05.202] [ERROR] nomel - GET /
[2017-01-03 18:56:06.220] [ERROR] nomel - GET /
[2017-01-03 18:56:35.933] [ERROR] nomel - GET /
[2017-01-03 18:56:36.620] [ERROR] nomel - GET /
[2017-01-03 19:00:10.543] [ERROR] nomel - GET /
[2017-01-03 19:01:11.837] [ERROR] nomel - GET /
[2017-01-03 19:01:31.265] [ERROR] nomel - GET /
[2017-01-03 19:01:31.890] [ERROR] nomel - GET /
[2017-01-03 19:16:05.075] [ERROR] nomel - GET /
[2017-01-03 19:18:08.502] [ERROR] nomel - GET /
[2017-01-03 19:18:09.203] [ERROR] nomel - GET /
[2017-01-03 19:18:44.012] [ERROR] nomel - GET /
[2017-01-03 19:20:24.930] [ERROR] nomel - GET /
[2017-01-03 19:21:27.541] [ERROR] nomel - GET /
[2017-01-03 19:21:28.783] [ERROR] nomel - GET /
[2017-01-03 19:21:57.278] [ERROR] nomel - GET /
[2017-01-03 19:23:25.335] [ERROR] nomel - GET /
[2017-01-03 19:29:02.459] [ERROR] nomel - GET /
[2017-01-03 19:31:19.387] [ERROR] nomel - GET /
[2017-01-03 19:38:31.176] [ERROR] nomel - GET /app.js
[2017-01-03 19:38:31.356] [ERROR] nomel - GET /app.js
[2017-01-03 19:39:05.881] [ERROR] nomel - GET /app.js
[2017-01-03 19:39:06.014] [ERROR] nomel - GET /app.js
[2017-01-03 19:39:06.744] [ERROR] nomel - GET /app.js
[2017-01-03 19:39:06.887] [ERROR] nomel - GET /app.js
[2017-01-03 19:39:07.352] [ERROR] nomel - GET /app.js
[2017-01-03 19:39:07.486] [ERROR] nomel - GET /app.js
[2017-01-03 19:39:08.112] [ERROR] nomel - GET /app.js
[2017-01-03 19:39:08.224] [ERROR] nomel - GET /app.js
[2017-01-03 19:39:21.876] [ERROR] nomel - GET /app.js
[2017-01-03 19:39:22.006] [ERROR] nomel - GET /app.js
[2017-01-03 19:39:22.582] [ERROR] nomel - GET /app.js
[2017-01-03 19:39:22.716] [ERROR] nomel - GET /app.js
[2017-01-03 19:39:44.510] [ERROR] nomel - GET /base-dd
[2017-01-03 19:39:44.686] [ERROR] nomel - GET /app.js
[2017-01-03 19:39:44.734] [ERROR] nomel - GET /app.js
[2017-01-03 19:40:14.896] [ERROR] nomel - GET /base-dd
[2017-01-03 19:46:10.006] [ERROR] nomel - GET /cal
[2017-01-03 19:54:54.597] [ERROR] nomel - GET /
[2017-01-03 20:10:20.622] [ERROR] nomel - GET /
[2017-01-03 20:10:21.957] [ERROR] nomel - GET /
[2017-01-03 20:24:11.322] [ERROR] nomel - GET /cal
[2017-01-03 20:25:12.759] [ERROR] nomel - GET /cal
[2017-01-03 20:25:17.722] [ERROR] nomel - GET /cal
[2017-01-03 20:25:23.048] [ERROR] nomel - GET /cal
[2017-01-03 22:44:29.453] [ERROR] nomel - GET /cal
[2017-01-03 22:44:38.165] [ERROR] nomel - GET /cal
[2017-01-04 00:46:09.971] [ERROR] nomel - GET /base-dd
[2017-01-04 00:58:29.497] [ERROR] nomel - GET /base-dd
[2017-01-04 01:00:34.181] [ERROR] nomel - GET /base-dd
[2017-01-04 01:01:41.046] [ERROR] nomel - GET /base-dd
[2017-01-04 01:04:21.737] [ERROR] nomel - GET /base-dd
[2017-01-04 01:21:34.828] [ERROR] nomel - GET /base-dd
[2017-01-04 01:22:43.555] [ERROR] nomel - GET /base-dd
[2017-01-04 01:23:05.326] [ERROR] nomel - GET /base-dd
[2017-01-04 01:23:41.878] [ERROR] nomel - GET /base-dd
[2017-01-04 01:24:22.169] [ERROR] nomel - GET /javascripts/lib/handlebars.min.js
[2017-01-04 01:24:22.200] [ERROR] nomel - GET /javascripts/lib/handlebars.min.js
[2017-01-04 01:25:30.272] [ERROR] nomel - GET /javascripts/lib/handlebars.min.js
[2017-01-04 01:25:30.314] [ERROR] nomel - GET /javascripts/lib/handlebars.min.js
[2017-01-04 01:46:58.370] [ERROR] nomel - GET /base-dd
[2017-01-04 01:47:08.383] [ERROR] nomel - GET /base-dd
[2017-01-04 10:42:39.777] [ERROR] nomel - GET /base-dd
[2017-01-04 10:42:39.904] [ERROR] nomel - GET /favicon.ico
[2017-01-04 10:42:52.859] [ERROR] nomel - GET /base-dd
[2017-01-04 10:42:53.897] [ERROR] nomel - GET /base-dd
[2017-01-04 10:42:54.605] [ERROR] nomel - GET /base-dd
[2017-01-04 10:42:55.645] [ERROR] nomel - GET /base-dd
[2017-01-04 10:43:15.882] [ERROR] nomel - GET /base-dd
[2017-01-04 10:43:30.297] [ERROR] nomel - GET /base-dd
[2017-01-04 10:43:34.203] [ERROR] nomel - GET /
[2017-01-04 13:38:16.880] [ERROR] nomel - GET /base-dd.hbs
[2017-01-04 14:22:52.392] [ERROR] nomel - GET /base-dd
[2017-01-04 14:22:53.842] [ERROR] nomel - GET /base-dd
[2017-01-04 14:22:57.904] [ERROR] nomel - GET /base-dd
[2017-01-04 14:23:00.553] [ERROR] nomel - GET /
[2017-01-04 14:23:16.482] [ERROR] nomel - GET /
[2017-01-04 14:23:17.214] [ERROR] nomel - GET /
[2017-01-04 14:23:17.543] [ERROR] nomel - GET /
[2017-01-04 14:23:17.808] [ERROR] nomel - GET /
[2017-01-04 14:44:04.567] [ERROR] nomel - GET /base-dd
[2017-01-04 14:44:20.290] [ERROR] nomel - GET /base-dd
[2017-01-04 14:44:24.230] [ERROR] nomel - GET /
[2017-01-04 14:44:24.616] [ERROR] nomel - GET /
[2017-01-04 15:07:36.280] [ERROR] nomel - GET /base-dd
[2017-01-04 15:07:51.181] [ERROR] nomel - GET /base-dd
[2017-01-04 15:35:52.647] [ERROR] nomel - GET /road
[2017-01-04 15:35:56.298] [ERROR] nomel - GET /cal
[2017-01-04 15:36:21.456] [ERROR] nomel - GET /road
[2017-01-04 15:36:24.092] [ERROR] nomel - GET /cal
[2017-01-04 15:36:36.925] [ERROR] nomel - GET /cal
[2017-01-04 15:36:39.946] [ERROR] nomel - GET /cal
[2017-01-04 15:36:41.243] [ERROR] nomel - GET /cal
[2017-01-04 15:37:07.644] [ERROR] nomel - GET /cal
[2017-01-04 15:37:53.370] [ERROR] nomel - GET /cal
[2017-01-04 15:38:37.277] [ERROR] nomel - GET /cal
[2017-01-04 15:39:28.309] [ERROR] nomel - GET /cal
[2017-01-04 15:41:28.135] [ERROR] nomel - GET /cal
[2017-01-04 15:42:30.571] [ERROR] nomel - GET /cal
[2017-01-04 16:34:13.151] [ERROR] nomel - GET /cal
[2017-01-05 11:03:32.798] [ERROR] nomel - GET /base-dd
[2017-01-05 11:05:54.019] [ERROR] nomel - GET /base-dd
[2017-01-05 11:06:26.964] [ERROR] nomel - GET /base-dd
[2017-01-05 11:07:47.353] [ERROR] nomel - GET /base-dd
[2017-01-05 11:09:57.783] [ERROR] nomel - GET /base-dd
[2017-01-05 11:09:58.422] [ERROR] nomel - GET /base-dd
[2017-01-05 11:14:20.167] [ERROR] nomel - GET /base-dd
[2017-01-05 11:18:13.778] [ERROR] nomel - GET /base-dd
[2017-01-05 11:21:02.792] [ERROR] nomel - GET /base-dd
[2017-01-05 11:22:12.384] [ERROR] nomel - GET /base-dd
[2017-01-05 11:50:34.367] [ERROR] nomel - GET /base-dd
[2017-01-05 11:51:05.229] [ERROR] nomel - GET /base-dd
[2017-01-05 11:51:06.001] [ERROR] nomel - GET /base-dd
[2017-01-05 11:51:06.584] [ERROR] nomel - GET /base-dd
[2017-01-05 11:51:06.893] [ERROR] nomel - GET /base-dd
[2017-01-05 12:24:12.168] [ERROR] nomel - GET /
[2017-01-05 14:17:17.342] [ERROR] nomel - GET /base-dd
[2017-01-05 14:17:24.071] [ERROR] nomel - GET /base-dd
[2017-01-05 14:22:44.757] [ERROR] nomel - GET /base-dd
[2017-01-05 14:23:25.125] [ERROR] nomel - GET /img/loading.gif
[2017-01-05 14:32:04.056] [ERROR] nomel - GET /img/loading-sm.gif
[2017-01-05 15:51:24.119] [ERROR] nomel - PUT /dadui/add
[2017-01-05 15:51:38.508] [ERROR] nomel - GET /dadui/add
[2017-01-05 15:51:38.553] [ERROR] nomel - GET /dadui/stylesheets/bootstrap.min.css
[2017-01-05 15:51:38.576] [ERROR] nomel - GET /dadui/font-awesome/css/font-awesome.min.css
[2017-01-05 15:51:38.576] [ERROR] nomel - GET /dadui/stylesheets/style.css
[2017-01-05 15:51:38.580] [ERROR] nomel - GET /dadui/stylesheets/style-responsive.css
[2017-01-05 15:51:38.592] [ERROR] nomel - GET /dadui/javascripts/lib/jquery.js
[2017-01-05 15:51:38.604] [ERROR] nomel - GET /dadui/javascripts/lib/jquery-ui-1.9.2.custom.min.js
[2017-01-05 15:51:38.616] [ERROR] nomel - GET /dadui/javascripts/lib/bootstrap.min.js
[2017-01-05 15:51:38.629] [ERROR] nomel - GET /dadui/javascripts/lib/jquery.scrollTo.min.js
[2017-01-05 15:51:38.648] [ERROR] nomel - GET /dadui/javascripts/lib/jquery.nicescroll.js
[2017-01-05 15:51:38.665] [ERROR] nomel - GET /dadui/javascripts/common-scripts.js
[2017-01-05 15:51:38.684] [ERROR] nomel - GET /dadui/images/duty_logo.png
[2017-01-05 15:51:38.697] [ERROR] nomel - GET /dadui/images/avatar1_small.jpg
[2017-01-05 15:51:39.073] [ERROR] nomel - GET /dadui/stylesheets/bootstrap-reset.css
[2017-01-05 15:51:39.091] [ERROR] nomel - GET /dadui/javascripts/lib/jquery-ui-1.9.2.custom.min.js
[2017-01-05 15:51:39.111] [ERROR] nomel - GET /dadui/javascripts/lib/bootstrap.min.js
[2017-01-05 15:51:39.122] [ERROR] nomel - GET /dadui/javascripts/lib/jquery.scrollTo.min.js
[2017-01-05 15:51:39.141] [ERROR] nomel - GET /dadui/javascripts/lib/jquery.nicescroll.js
[2017-01-05 15:51:39.160] [ERROR] nomel - GET /dadui/javascripts/common-scripts.js
[2017-01-05 15:51:39.225] [ERROR] nomel - GET /dadui/images/ramsicon.png
[2017-01-05 15:53:17.990] [ERROR] nomel - PUT /dadui/add
[2017-01-05 15:59:49.501] [ERROR] nomel - GET /javascripts/lib/jquery.gritter.js
[2017-01-05 16:00:48.998] [ERROR] nomel - GET /img/gritter.png
[2017-01-05 17:31:06.492] [ERROR] nomel - GET /javascripts/lib/bootstrap.table.js
[2017-01-05 17:31:06.534] [ERROR] nomel - GET /javascripts/lib/bootstrap.editable.js
[2017-01-05 17:31:15.226] [ERROR] nomel - GET /javascripts/lib/bootstrap.table.js
[2017-01-05 17:31:15.230] [ERROR] nomel - GET /javascripts/lib/bootstrap.editable.js
[2017-01-05 17:32:08.128] [ERROR] nomel - GET /javascripts/lib/bootstrap.table.js
[2017-01-05 17:32:23.058] [ERROR] nomel - GET /dadui/query?order=asc
[2017-01-05 17:40:47.601] [ERROR] nomel - PUT /dadui/delete
[2017-01-05 17:42:51.159] [ERROR] nomel - PUT /dadui/delete
[2017-01-05 17:44:09.974] [ERROR] nomel - PUT /dadui/delete
[2017-01-05 17:45:20.669] [ERROR] nomel - PUT /dadui/delete
[2017-01-05 17:47:06.728] [ERROR] nomel - PUT /dadui/delete
[2017-01-05 18:00:32.798] [ERROR] nomel - PUT /dadui/delete
[2017-01-05 18:01:17.254] [ERROR] nomel - PUT /dadui/delete
[2017-01-05 19:11:26.598] [ERROR] nomel - GET /img/loading.gif
[2017-01-05 19:11:26.610] [ERROR] nomel - GET /img/clear.png
[2017-01-06 10:38:38.760] [ERROR] nomel - GET /base-zd
[2017-01-06 10:38:51.805] [ERROR] nomel - GET /base-zd
[2017-01-06 10:47:19.287] [ERROR] nomel - GET /base-post
[2017-01-06 11:09:22.591] [ERROR] nomel - GET /dadui/queryById/5
[2017-01-06 13:34:58.602] [ERROR] nomel - POST /zhongdui/delete
[2017-01-06 13:37:27.662] [ERROR] nomel - POST /zhongdui/delete
[2017-01-06 13:40:42.734] [ERROR] nomel - POST /zhongdui/delete
[2017-01-06 13:41:55.693] [ERROR] nomel - POST /zhongdui/delete
[2017-01-06 14:52:17.290] [ERROR] nomel - GET /dadui/query?name=%E9%98%9F
[2017-01-06 15:52:26.740] [ERROR] nomel - GET /base-police
[2017-01-07 11:39:47.084] [ERROR] nomel - GET /base-police
[2017-01-09 09:08:54.792] [ERROR] nomel - GET /base-police
[2017-01-09 10:45:35.362] [ERROR] nomel - GET /post/queryAll
[2017-01-09 17:04:58.306] [ERROR] nomel - GET /base-police
[2017-01-09 23:09:17.945] [ERROR] nomel - GET /post/queryAlwl
[2017-01-09 23:09:33.690] [ERROR] nomel - GET /post/queryAlwl
[2017-01-09 23:52:01.641] [ERROR] nomel - GET /post/queryByZhongdui?id=2
[2017-01-10 09:15:51.930] [ERROR] nomel - GET /images/checkbox/radio-off.png
[2017-01-10 10:03:35.651] [ERROR] nomel - GET /zhongdui/new?dadui_id=5
[2017-01-10 13:01:28.420] [ERROR] nomel - GET /favicon.ico
[2017-01-10 14:53:04.417] [ERROR] nomel - GET /cal
[2017-01-10 14:53:15.372] [ERROR] nomel - GET /cal
[2017-01-10 15:57:05.130] [ERROR] nomel - GET /img/loading.gif
[2017-01-10 15:57:05.140] [ERROR] nomel - GET /img/clear.png
[2017-01-11 08:42:02.375] [ERROR] nomel - GET /police/update
[2017-01-11 08:42:02.433] [ERROR] nomel - GET /police/stylesheets/select2-bootstrap.css
[2017-01-11 08:42:02.433] [ERROR] nomel - GET /police/stylesheets/select2.css
[2017-01-11 08:42:02.433] [ERROR] nomel - GET /police/stylesheets/bootstrap.min.css
[2017-01-11 08:42:02.440] [ERROR] nomel - GET /police/stylesheets/bootstrap-reset.css
[2017-01-11 08:42:02.451] [ERROR] nomel - GET /police/stylesheets/bootstrap-table.css
[2017-01-11 08:42:02.457] [ERROR] nomel - GET /police/stylesheets/bootstrap-editable.css
[2017-01-11 08:42:02.480] [ERROR] nomel - GET /police/font-awesome/css/font-awesome.min.css
[2017-01-11 08:42:02.497] [ERROR] nomel - GET /police/stylesheets/jquery.gritter.css
[2017-01-11 08:42:02.497] [ERROR] nomel - GET /police/stylesheets/style.css
[2017-01-11 08:42:02.500] [ERROR] nomel - GET /police/stylesheets/style-responsive.css
[2017-01-11 08:42:02.507] [ERROR] nomel - GET /police/javascripts/lib/jquery.js
[2017-01-11 08:42:02.554] [ERROR] nomel - GET /police/javascripts/lib/jquery-ui-1.9.2.custom.min.js
[2017-01-11 08:42:02.556] [ERROR] nomel - GET /police/javascripts/lib/bootstrap.min.js
[2017-01-11 08:42:02.567] [ERROR] nomel - GET /police/javascripts/lib/bootstrap-table.js
[2017-01-11 08:42:02.567] [ERROR] nomel - GET /police/javascripts/lib/bootstrap-editable.js
[2017-01-11 08:42:02.567] [ERROR] nomel - GET /police/javascripts/lib/jquery.scrollTo.min.js
[2017-01-11 08:42:02.581] [ERROR] nomel - GET /police/javascripts/lib/jquery.nicescroll.js
[2017-01-11 08:42:02.634] [ERROR] nomel - GET /police/images/avatar1_small.jpg
[2017-01-11 08:42:02.635] [ERROR] nomel - GET /police/images/duty_logo.png
[2017-01-11 08:42:02.659] [ERROR] nomel - GET /police/javascripts/lib/handlebars.min.js
[2017-01-11 08:42:02.667] [ERROR] nomel - GET /police/javascripts/common-scripts.js
[2017-01-11 08:42:02.668] [ERROR] nomel - GET /police/javascripts/lib/jquery.gritter.min.js
[2017-01-11 08:42:02.693] [ERROR] nomel - GET /police/javascripts/lib/handlebars.min.js
[2017-01-11 08:42:02.708] [ERROR] nomel - GET /police/javascripts/common-scripts.js
[2017-01-11 08:42:02.800] [ERROR] nomel - GET /police/images/ramsicon.png
[2017-01-11 08:44:58.250] [ERROR] nomel - GET /police/update
[2017-01-11 08:44:58.300] [ERROR] nomel - GET /police/stylesheets/select2-bootstrap.css
[2017-01-11 08:44:58.300] [ERROR] nomel - GET /police/stylesheets/bootstrap-table.css
[2017-01-11 08:44:58.309] [ERROR] nomel - GET /police/stylesheets/bootstrap.min.css
[2017-01-11 08:44:58.309] [ERROR] nomel - GET /police/stylesheets/bootstrap-editable.css
[2017-01-11 08:44:58.310] [ERROR] nomel - GET /police/stylesheets/select2.css
[2017-01-11 08:44:58.310] [ERROR] nomel - GET /police/stylesheets/bootstrap-reset.css
[2017-01-11 08:44:58.334] [ERROR] nomel - GET /police/font-awesome/css/font-awesome.min.css
[2017-01-11 08:44:58.338] [ERROR] nomel - GET /police/stylesheets/jquery.gritter.css
[2017-01-11 08:44:58.341] [ERROR] nomel - GET /police/stylesheets/style.css
[2017-01-11 08:44:58.341] [ERROR] nomel - GET /police/stylesheets/style-responsive.css
[2017-01-11 08:44:58.345] [ERROR] nomel - GET /police/javascripts/lib/jquery.js
[2017-01-11 08:44:58.369] [ERROR] nomel - GET /police/javascripts/lib/jquery-ui-1.9.2.custom.min.js
[2017-01-11 08:44:58.375] [ERROR] nomel - GET /police/javascripts/lib/bootstrap.min.js
[2017-01-11 08:44:58.375] [ERROR] nomel - GET /police/javascripts/lib/bootstrap-editable.js
[2017-01-11 08:44:58.376] [ERROR] nomel - GET /police/javascripts/lib/jquery.scrollTo.min.js
[2017-01-11 08:44:58.376] [ERROR] nomel - GET /police/javascripts/lib/bootstrap-table.js
[2017-01-11 08:44:58.383] [ERROR] nomel - GET /police/images/avatar1_small.jpg
[2017-01-11 08:44:58.400] [ERROR] nomel - GET /police/images/duty_logo.png
[2017-01-11 08:44:58.404] [ERROR] nomel - GET /police/javascripts/lib/bootstrap-editable.js
[2017-01-11 08:44:58.404] [ERROR] nomel - GET /police/javascripts/lib/jquery.nicescroll.js
[2017-01-11 08:44:58.404] [ERROR] nomel - GET /police/javascripts/lib/jquery.gritter.min.js
[2017-01-11 08:44:58.406] [ERROR] nomel - GET /police/javascripts/lib/handlebars.min.js
[2017-01-11 08:44:58.408] [ERROR] nomel - GET /police/javascripts/common-scripts.js
[2017-01-11 08:44:58.412] [ERROR] nomel - GET /police/javascripts/lib/jquery.scrollTo.min.js
[2017-01-11 08:44:58.422] [ERROR] nomel - GET /police/javascripts/lib/jquery.nicescroll.js
[2017-01-11 08:44:58.429] [ERROR] nomel - GET /police/javascripts/lib/jquery.gritter.min.js
[2017-01-11 08:44:58.436] [ERROR] nomel - GET /police/javascripts/lib/handlebars.min.js
[2017-01-11 08:44:58.441] [ERROR] nomel - GET /police/javascripts/common-scripts.js
[2017-01-11 08:45:02.835] [ERROR] nomel - GET /police
[2017-01-11 08:45:12.406] [ERROR] nomel - GET /img/loading.gif
[2017-01-11 09:40:54.986] [ERROR] nomel - GET /favicon.ico
[2017-01-11 17:15:49.420] [ERROR] nomel - GET /cal
[2017-01-11 18:36:57.158] [ERROR] nomel - GET /img/loading.gif
[2017-01-11 18:37:36.834] [ERROR] nomel - GET /img/loading-sm.gif
[2017-01-12 09:12:51.907] [ERROR] nomel - GET /img/loading.gif
[2017-01-12 09:12:54.008] [ERROR] nomel - GET /img/loading-sm.gif
[2017-01-12 09:17:30.138] [ERROR] nomel - GET /img/loading.gif
[2017-01-12 09:18:19.914] [ERROR] nomel - GET /img/loading.gif
[2017-02-07 09:43:27.234] [ERROR] nomel - GET /stylesheets/images/arrow-up.png
[2017-02-07 09:44:01.621] [ERROR] nomel - GET /stylesheets/images/arrow-up.png
[2017-02-07 09:44:51.625] [ERROR] nomel - GET /stylesheets/images/arrow-up.png
[2017-02-22 16:27:45.025] [ERROR] nomel - GET /img/loading.gif
[2017-03-02 14:54:56.595] [ERROR] nomel - GET /stylesheets/images/arrow-up.png
[2017-03-02 17:59:18.641] [ERROR] nomel - GET /file/uploading
[2017-03-02 17:59:18.702] [ERROR] nomel - GET /file/stylesheets/bootstrap.min.css
[2017-03-02 17:59:18.719] [ERROR] nomel - GET /file/font-awesome/css/font-awesome.min.css
[2017-03-02 17:59:18.720] [ERROR] nomel - GET /file/stylesheets/bootstrap-reset.css
[2017-03-02 17:59:18.740] [ERROR] nomel - GET /file/stylesheets/jquery.gritter.css
[2017-03-02 17:59:18.741] [ERROR] nomel - GET /file/stylesheets/style-responsive.css
[2017-03-02 17:59:18.742] [ERROR] nomel - GET /file/stylesheets/style.css
[2017-03-02 17:59:18.801] [ERROR] nomel - GET /file/javascripts/lib/jquery.js
[2017-03-02 17:59:18.839] [ERROR] nomel - GET /file/javascripts/lib/jquery-ui-1.9.2.custom.min.js
[2017-03-02 17:59:18.839] [ERROR] nomel - GET /file/javascripts/lib/bootstrap.min.js
[2017-03-02 17:59:18.840] [ERROR] nomel - GET /file/javascripts/lib/bootstrap-editable.js
[2017-03-02 17:59:18.840] [ERROR] nomel - GET /file/javascripts/lib/bootstrap-table.js
[2017-03-02 17:59:18.841] [ERROR] nomel - GET /file/javascripts/lib/jquery.scrollTo.min.js
[2017-03-02 17:59:18.871] [ERROR] nomel - GET /file/images/avatar1_small.jpg
[2017-03-02 17:59:18.895] [ERROR] nomel - GET /file/images/duty_logo.png
[2017-03-02 17:59:18.906] [ERROR] nomel - GET /file/javascripts/lib/bootstrap-editable.js
[2017-03-02 17:59:18.920] [ERROR] nomel - GET /file/javascripts/lib/jquery.gritter.min.js
[2017-03-02 17:59:18.922] [ERROR] nomel - GET /file/javascripts/lib/jquery.nicescroll.js
[2017-03-02 17:59:18.926] [ERROR] nomel - GET /file/javascripts/lib/handlebars.min.js
[2017-03-02 17:59:18.938] [ERROR] nomel - GET /file/javascripts/common-scripts.js
[2017-03-02 17:59:18.949] [ERROR] nomel - GET /file/javascripts/lib/jquery.scrollTo.min.js
[2017-03-02 17:59:18.966] [ERROR] nomel - GET /file/javascripts/lib/jquery.nicescroll.js
[2017-03-02 17:59:18.984] [ERROR] nomel - GET /file/javascripts/lib/jquery.gritter.min.js
[2017-03-02 17:59:18.997] [ERROR] nomel - GET /file/javascripts/lib/handlebars.min.js
[2017-03-02 17:59:19.008] [ERROR] nomel - GET /file/javascripts/common-scripts.js
[2017-03-02 17:59:19.067] [ERROR] nomel - GET /file/images/ramsicon.png
